[2022-02-18 09:10:53.981] [exthost] [info] Extension host with pid 99021 started
[2022-02-18 09:10:54.014] [exthost] [info] Lock '/home/dahirma/.vscode-server/data/User/workspaceStorage/54333e458a16b79846b6650c64d5bde9/vscode.lock': Lock acquired.
[2022-02-18 09:10:54.151] [exthost] [info] ExtensionService#_doActivateExtension ms-vscode.cpptools, startup: false, activationEvent: 'onLanguage:c'
[2022-02-18 09:10:54.497] [exthost] [info] ExtensionService#_doActivateExtension vadimcn.vscode-lldb, startup: false, activationEvent: 'onLanguage:c', root cause: franneck94.c-cpp-runner
[2022-02-18 09:10:54.544] [exthost] [info] ExtensionService#_doActivateExtension vscode.debug-auto-launch, startup: true, activationEvent: '*'
[2022-02-18 09:10:54.556] [exthost] [info] ExtensionService#_doActivateExtension vscode.git-base, startup: true, activationEvent: '*', root cause: vscode.github
[2022-02-18 09:10:54.724] [exthost] [info] ExtensionService#_doActivateExtension vscode.git, startup: true, activationEvent: '*'
[2022-02-18 09:10:54.846] [exthost] [info] ExtensionService#_doActivateExtension vscode.github, startup: true, activationEvent: '*'
[2022-02-18 09:10:54.883] [exthost] [info] ExtensionService#_doActivateExtension franneck94.c-cpp-runner, startup: false, activationEvent: 'onLanguage:c'
[2022-02-18 09:10:55.386] [exthost] [info] ExtensionService#_doActivateExtension vscode.emmet, startup: false, activationEvent: 'onStartupFinished'
[2022-02-18 09:10:55.410] [exthost] [info] ExtensionService#_doActivateExtension vscode.merge-conflict, startup: false, activationEvent: 'onStartupFinished'
[2022-02-18 09:10:55.417] [exthost] [info] Eager extensions activated
[2022-02-18 20:31:51.822] [exthost] [info] ExtensionService#_doActivateExtension GitHub.vscode-pull-request-github, startup: false, activationEvent: '*'
[2022-02-18 20:31:52.403] [exthost] [error] Activating extension GitHub.vscode-pull-request-github failed due to an error:
[2022-02-18 20:31:52.403] [exthost] [error] Error: Git model not found
	at a.getAPI (/home/dahirma/.vscode-server/bin/f80445acd5a3dadef24aa209168452a3d97cc326/extensions/git/dist/main.js:2:885821)
	at new ld (/home/dahirma/.vscode-server/extensions/github.vscode-pull-request-github-0.36.2/dist/extension.js:1163:17239)
	at Function.createProvider (/home/dahirma/.vscode-server/extensions/github.vscode-pull-request-github-0.36.2/dist/extension.js:1163:17976)
	at async dv (/home/dahirma/.vscode-server/extensions/github.vscode-pull-request-github-0.36.2/dist/extension.js:1163:23929)
	at async Mp (/home/dahirma/.vscode-server/extensions/github.vscode-pull-request-github-0.36.2/dist/extension.js:1179:26742)
	at async oy (/home/dahirma/.vscode-server/extensions/github.vscode-pull-request-github-0.36.2/dist/extension.js:1179:27068)
	at async ay (/home/dahirma/.vscode-server/extensions/github.vscode-pull-request-github-0.36.2/dist/extension.js:1179:26691)
	at async Promise.all (index 0)
	at async w.$activate (/home/dahirma/.vscode-server/bin/f80445acd5a3dadef24aa209168452a3d97cc326/out/vs/workbench/services/extensions/node/extensionHostProcess.js:98:21810)
[2022-02-18 20:31:55.488] [exthost] [info] ExtensionService#_doActivateExtension KnisterPeter.vscode-github, startup: false, activationEvent: '*'
[2022-02-18 20:32:48.775] [exthost] [info] ExtensionService#_doActivateExtension cschleiden.vscode-github-actions, startup: false, activationEvent: 'workspaceContains:**/.github/workflows/**'
[2022-02-18 20:33:28.210] [exthost] [info] extension host terminating: received terminate message from renderer
[2022-02-18 20:33:28.211] [exthost] [info] Lock '/home/dahirma/.vscode-server/data/User/workspaceStorage/54333e458a16b79846b6650c64d5bde9/vscode.lock': Marking the lockfile as scheduled to be released in 6000 ms.
[2022-02-18 20:33:28.280] [exthost] [info] Extension host with pid 99021 exiting with code 0
